<?xml version="1.0" encoding="UTF-8"?>
<coverage generated="1588924474376" clover="3.2.0">
  <project timestamp="1588924474377" name="All files">
    <metrics statements="6" coveredstatements="6" conditionals="6" coveredconditionals="5" methods="3" coveredmethods="3" elements="15" coveredelements="14" complexity="0" loc="6" ncloc="6" packages="1" files="1" classes="1">
      <file name="expenses.js" path="C:\Users\irfiacre\Desktop\BareFoot\mockups\Expensify\src\actions\expenses.js">
        <metrics statements="6" coveredstatements="6" conditionals="6" coveredconditionals="5" methods="3" coveredmethods="3"/>
        <line num="5" count="1" type="cond" truecount="1" falsecount="0"/>
        <line num="12" count="2" type="stmt"/>
        <line num="25" count="1" type="cond" truecount="0" falsecount="1"/>
        <line num="26" count="1" type="stmt"/>
        <line num="33" count="1" type="stmt"/>
        <line num="34" count="1" type="stmt"/>
      </file>
    </metrics>
  </project>
</coverage>
