<?xml version="1.0" encoding="UTF-8"?>
<coverage generated="1588928916466" clover="3.2.0">
  <project timestamp="1588928916466" name="All files">
    <metrics statements="24" coveredstatements="22" conditionals="22" coveredconditionals="12" methods="11" coveredmethods="11" elements="57" coveredelements="45" complexity="0" loc="24" ncloc="24" packages="2" files="3" classes="3">
      <package name="actions">
        <metrics statements="14" coveredstatements="14" conditionals="7" coveredconditionals="5" methods="8" coveredmethods="8"/>
        <file name="expenses.js" path="C:\Users\irfiacre\Desktop\BareFoot\mockups\Expensify\src\actions\expenses.js">
          <metrics statements="6" coveredstatements="6" conditionals="6" coveredconditionals="5" methods="3" coveredmethods="3"/>
          <line num="5" count="1" type="cond" truecount="1" falsecount="0"/>
          <line num="12" count="2" type="stmt"/>
          <line num="25" count="1" type="cond" truecount="0" falsecount="1"/>
          <line num="26" count="1" type="stmt"/>
          <line num="33" count="1" type="stmt"/>
          <line num="34" count="1" type="stmt"/>
        </file>
        <file name="filters.js" path="C:\Users\irfiacre\Desktop\BareFoot\mockups\Expensify\src\actions\filters.js">
          <metrics statements="8" coveredstatements="8" conditionals="1" coveredconditionals="0" methods="5" coveredmethods="5"/>
          <line num="4" count="1" type="cond" truecount="0" falsecount="1"/>
          <line num="5" count="2" type="stmt"/>
          <line num="12" count="1" type="stmt"/>
          <line num="13" count="1" type="stmt"/>
          <line num="16" count="1" type="stmt"/>
          <line num="17" count="1" type="stmt"/>
          <line num="23" count="1" type="stmt"/>
          <line num="24" count="1" type="stmt"/>
        </file>
      </package>
      <package name="selectors">
        <metrics statements="10" coveredstatements="8" conditionals="15" coveredconditionals="7" methods="3" coveredmethods="3"/>
        <file name="expenses.js" path="C:\Users\irfiacre\Desktop\BareFoot\mockups\Expensify\src\selectors\expenses.js">
          <metrics statements="10" coveredstatements="8" conditionals="15" coveredconditionals="7" methods="3" coveredmethods="3"/>
          <line num="7" count="1" type="stmt"/>
          <line num="9" count="3" type="stmt"/>
          <line num="10" count="3" type="cond" truecount="1" falsecount="1"/>
          <line num="11" count="3" type="cond" truecount="1" falsecount="1"/>
          <line num="12" count="3" type="stmt"/>
          <line num="14" count="3" type="cond" truecount="3" falsecount="0"/>
          <line num="18" count="1" type="cond" truecount="1" falsecount="1"/>
          <line num="20" count="1" type="cond" truecount="1" falsecount="1"/>
          <line num="21" count="0" type="cond" truecount="0" falsecount="2"/>
          <line num="23" count="0" type="cond" truecount="0" falsecount="2"/>
        </file>
      </package>
    </metrics>
  </project>
</coverage>
