{"C:\\Users\\irfiacre\\Desktop\\BareFoot\\mockups\\Expensify\\src\\actions\\expenses.js": {"path":"C:\\Users\\irfiacre\\Desktop\\BareFoot\\mockups\\Expensify\\src\\actions\\expenses.js","statementMap":{"0":{"start":{"line":5,"column":26},"end":{"line":22,"column":1}},"1":{"start":{"line":12,"column":4},"end":{"line":21,"column":6}},"2":{"start":{"line":25,"column":29},"end":{"line":30,"column":1}},"3":{"start":{"line":26,"column":4},"end":{"line":29,"column":7}},"4":{"start":{"line":33,"column":27},"end":{"line":39,"column":1}},"5":{"start":{"line":34,"column":4},"end":{"line":38,"column":5}}},"fnMap":{"0":{"name":"(anonymous_0)","decl":{"start":{"line":5,"column":26},"end":{"line":5,"column":27}},"loc":{"start":{"line":11,"column":14},"end":{"line":22,"column":1}},"line":11},"1":{"name":"(anonymous_1)","decl":{"start":{"line":25,"column":29},"end":{"line":25,"column":30}},"loc":{"start":{"line":25,"column":44},"end":{"line":30,"column":1}},"line":25},"2":{"name":"(anonymous_2)","decl":{"start":{"line":33,"column":27},"end":{"line":33,"column":28}},"loc":{"start":{"line":33,"column":42},"end":{"line":39,"column":1}},"line":33}},"branchMap":{"0":{"loc":{"start":{"line":5,"column":27},"end":{"line":11,"column":10}},"type":"default-arg","locations":[{"start":{"line":11,"column":8},"end":{"line":11,"column":10}}],"line":5},"1":{"loc":{"start":{"line":6,"column":4},"end":{"line":6,"column":18}},"type":"default-arg","locations":[{"start":{"line":6,"column":16},"end":{"line":6,"column":18}}],"line":6},"2":{"loc":{"start":{"line":7,"column":4},"end":{"line":7,"column":11}},"type":"default-arg","locations":[{"start":{"line":7,"column":9},"end":{"line":7,"column":11}}],"line":7},"3":{"loc":{"start":{"line":8,"column":4},"end":{"line":8,"column":13}},"type":"default-arg","locations":[{"start":{"line":8,"column":12},"end":{"line":8,"column":13}}],"line":8},"4":{"loc":{"start":{"line":9,"column":4},"end":{"line":9,"column":16}},"type":"default-arg","locations":[{"start":{"line":9,"column":15},"end":{"line":9,"column":16}}],"line":9},"5":{"loc":{"start":{"line":25,"column":30},"end":{"line":25,"column":41}},"type":"default-arg","locations":[{"start":{"line":25,"column":39},"end":{"line":25,"column":41}}],"line":25}},"s":{"0":1,"1":2,"2":1,"3":1,"4":1,"5":1},"f":{"0":2,"1":1,"2":1},"b":{"0":[1],"1":[1],"2":[1],"3":[1],"4":[1],"5":[0]},"_coverageSchema":"332fd63041d2c1bcb487cc26dd0d5f7d97098a6c","hash":"c3d23ced013630831f6c098523178d837872db10"}
}
