{"C:\\Users\\irfiacre\\Desktop\\BareFoot\\mockups\\Expensify\\src\\actions\\expenses.js": {"path":"C:\\Users\\irfiacre\\Desktop\\BareFoot\\mockups\\Expensify\\src\\actions\\expenses.js","statementMap":{"0":{"start":{"line":5,"column":26},"end":{"line":22,"column":1}},"1":{"start":{"line":12,"column":4},"end":{"line":21,"column":6}},"2":{"start":{"line":25,"column":29},"end":{"line":30,"column":1}},"3":{"start":{"line":26,"column":4},"end":{"line":29,"column":7}},"4":{"start":{"line":33,"column":27},"end":{"line":39,"column":1}},"5":{"start":{"line":34,"column":4},"end":{"line":38,"column":5}}},"fnMap":{"0":{"name":"(anonymous_0)","decl":{"start":{"line":5,"column":26},"end":{"line":5,"column":27}},"loc":{"start":{"line":11,"column":14},"end":{"line":22,"column":1}},"line":11},"1":{"name":"(anonymous_1)","decl":{"start":{"line":25,"column":29},"end":{"line":25,"column":30}},"loc":{"start":{"line":25,"column":44},"end":{"line":30,"column":1}},"line":25},"2":{"name":"(anonymous_2)","decl":{"start":{"line":33,"column":27},"end":{"line":33,"column":28}},"loc":{"start":{"line":33,"column":42},"end":{"line":39,"column":1}},"line":33}},"branchMap":{"0":{"loc":{"start":{"line":5,"column":27},"end":{"line":11,"column":10}},"type":"default-arg","locations":[{"start":{"line":11,"column":8},"end":{"line":11,"column":10}}],"line":5},"1":{"loc":{"start":{"line":6,"column":4},"end":{"line":6,"column":18}},"type":"default-arg","locations":[{"start":{"line":6,"column":16},"end":{"line":6,"column":18}}],"line":6},"2":{"loc":{"start":{"line":7,"column":4},"end":{"line":7,"column":11}},"type":"default-arg","locations":[{"start":{"line":7,"column":9},"end":{"line":7,"column":11}}],"line":7},"3":{"loc":{"start":{"line":8,"column":4},"end":{"line":8,"column":13}},"type":"default-arg","locations":[{"start":{"line":8,"column":12},"end":{"line":8,"column":13}}],"line":8},"4":{"loc":{"start":{"line":9,"column":4},"end":{"line":9,"column":16}},"type":"default-arg","locations":[{"start":{"line":9,"column":15},"end":{"line":9,"column":16}}],"line":9},"5":{"loc":{"start":{"line":25,"column":30},"end":{"line":25,"column":41}},"type":"default-arg","locations":[{"start":{"line":25,"column":39},"end":{"line":25,"column":41}}],"line":25}},"s":{"0":1,"1":2,"2":1,"3":1,"4":1,"5":1},"f":{"0":2,"1":1,"2":1},"b":{"0":[1],"1":[1],"2":[1],"3":[1],"4":[1],"5":[0]},"_coverageSchema":"332fd63041d2c1bcb487cc26dd0d5f7d97098a6c","hash":"c3d23ced013630831f6c098523178d837872db10"}
,"C:\\Users\\irfiacre\\Desktop\\BareFoot\\mockups\\Expensify\\src\\actions\\filters.js": {"path":"C:\\Users\\irfiacre\\Desktop\\BareFoot\\mockups\\Expensify\\src\\actions\\filters.js","statementMap":{"0":{"start":{"line":4,"column":29},"end":{"line":9,"column":1}},"1":{"start":{"line":5,"column":4},"end":{"line":8,"column":6}},"2":{"start":{"line":12,"column":29},"end":{"line":12,"column":65}},"3":{"start":{"line":12,"column":35},"end":{"line":12,"column":64}},"4":{"start":{"line":13,"column":31},"end":{"line":13,"column":69}},"5":{"start":{"line":13,"column":37},"end":{"line":13,"column":68}},"6":{"start":{"line":16,"column":28},"end":{"line":21,"column":1}},"7":{"start":{"line":17,"column":4},"end":{"line":20,"column":6}},"8":{"start":{"line":23,"column":26},"end":{"line":28,"column":1}},"9":{"start":{"line":24,"column":4},"end":{"line":27,"column":6}}},"fnMap":{"0":{"name":"(anonymous_0)","decl":{"start":{"line":4,"column":29},"end":{"line":4,"column":30}},"loc":{"start":{"line":4,"column":42},"end":{"line":9,"column":1}},"line":4},"1":{"name":"(anonymous_1)","decl":{"start":{"line":12,"column":29},"end":{"line":12,"column":30}},"loc":{"start":{"line":12,"column":35},"end":{"line":12,"column":64}},"line":12},"2":{"name":"(anonymous_2)","decl":{"start":{"line":13,"column":31},"end":{"line":13,"column":32}},"loc":{"start":{"line":13,"column":37},"end":{"line":13,"column":68}},"line":13},"3":{"name":"(anonymous_3)","decl":{"start":{"line":16,"column":28},"end":{"line":16,"column":29}},"loc":{"start":{"line":16,"column":42},"end":{"line":21,"column":1}},"line":16},"4":{"name":"(anonymous_4)","decl":{"start":{"line":23,"column":26},"end":{"line":23,"column":27}},"loc":{"start":{"line":23,"column":39},"end":{"line":28,"column":1}},"line":23}},"branchMap":{"0":{"loc":{"start":{"line":4,"column":30},"end":{"line":4,"column":38}},"type":"default-arg","locations":[{"start":{"line":4,"column":36},"end":{"line":4,"column":38}}],"line":4}},"s":{"0":1,"1":2,"2":1,"3":1,"4":1,"5":1,"6":1,"7":1,"8":1,"9":1},"f":{"0":2,"1":1,"2":1,"3":1,"4":1},"b":{"0":[0]},"_coverageSchema":"332fd63041d2c1bcb487cc26dd0d5f7d97098a6c","hash":"b8cd27dd42d64dd6cf223c2d36967af278b0bfd9"}
,"C:\\Users\\irfiacre\\Desktop\\BareFoot\\mockups\\Expensify\\src\\selectors\\expenses.js": {"path":"C:\\Users\\irfiacre\\Desktop\\BareFoot\\mockups\\Expensify\\src\\selectors\\expenses.js","statementMap":{"0":{"start":{"line":7,"column":4},"end":{"line":25,"column":7}},"1":{"start":{"line":9,"column":31},"end":{"line":9,"column":58}},"2":{"start":{"line":10,"column":30},"end":{"line":10,"column":97}},"3":{"start":{"line":11,"column":28},"end":{"line":11,"column":90}},"4":{"start":{"line":12,"column":25},"end":{"line":12,"column":87}},"5":{"start":{"line":14,"column":7},"end":{"line":14,"column":58}},"6":{"start":{"line":18,"column":8},"end":{"line":24,"column":9}},"7":{"start":{"line":20,"column":12},"end":{"line":20,"column":54}},"8":{"start":{"line":21,"column":15},"end":{"line":24,"column":9}},"9":{"start":{"line":23,"column":12},"end":{"line":23,"column":47}}},"fnMap":{"0":{"name":"(anonymous_0)","decl":{"start":{"line":5,"column":15},"end":{"line":5,"column":16}},"loc":{"start":{"line":5,"column":65},"end":{"line":27,"column":4}},"line":5},"1":{"name":"(anonymous_1)","decl":{"start":{"line":7,"column":27},"end":{"line":7,"column":28}},"loc":{"start":{"line":7,"column":38},"end":{"line":16,"column":5}},"line":7},"2":{"name":"(anonymous_2)","decl":{"start":{"line":16,"column":12},"end":{"line":16,"column":13}},"loc":{"start":{"line":16,"column":21},"end":{"line":25,"column":5}},"line":16}},"branchMap":{"0":{"loc":{"start":{"line":10,"column":30},"end":{"line":10,"column":97}},"type":"cond-expr","locations":[{"start":{"line":10,"column":42},"end":{"line":10,"column":90}},{"start":{"line":10,"column":93},"end":{"line":10,"column":97}}],"line":10},"1":{"loc":{"start":{"line":11,"column":28},"end":{"line":11,"column":90}},"type":"cond-expr","locations":[{"start":{"line":11,"column":38},"end":{"line":11,"column":83}},{"start":{"line":11,"column":86},"end":{"line":11,"column":90}}],"line":11},"2":{"loc":{"start":{"line":14,"column":14},"end":{"line":14,"column":57}},"type":"binary-expr","locations":[{"start":{"line":14,"column":14},"end":{"line":14,"column":28}},{"start":{"line":14,"column":32},"end":{"line":14,"column":44}},{"start":{"line":14,"column":48},"end":{"line":14,"column":57}}],"line":14},"3":{"loc":{"start":{"line":18,"column":8},"end":{"line":24,"column":9}},"type":"if","locations":[{"start":{"line":18,"column":8},"end":{"line":24,"column":9}},{"start":{"line":18,"column":8},"end":{"line":24,"column":9}}],"line":18},"4":{"loc":{"start":{"line":20,"column":19},"end":{"line":20,"column":53}},"type":"cond-expr","locations":[{"start":{"line":20,"column":47},"end":{"line":20,"column":48}},{"start":{"line":20,"column":51},"end":{"line":20,"column":53}}],"line":20},"5":{"loc":{"start":{"line":21,"column":15},"end":{"line":24,"column":9}},"type":"if","locations":[{"start":{"line":21,"column":15},"end":{"line":24,"column":9}},{"start":{"line":21,"column":15},"end":{"line":24,"column":9}}],"line":21},"6":{"loc":{"start":{"line":23,"column":19},"end":{"line":23,"column":46}},"type":"cond-expr","locations":[{"start":{"line":23,"column":41},"end":{"line":23,"column":42}},{"start":{"line":23,"column":44},"end":{"line":23,"column":46}}],"line":23}},"s":{"0":1,"1":3,"2":3,"3":3,"4":3,"5":3,"6":1,"7":1,"8":0,"9":0},"f":{"0":1,"1":3,"2":1},"b":{"0":[0,3],"1":[0,3],"2":[3,3,3],"3":[1,0],"4":[0,1],"5":[0,0],"6":[0,0]},"_coverageSchema":"332fd63041d2c1bcb487cc26dd0d5f7d97098a6c","hash":"04514156f9061975413bea12541062622f3cca9d"}
}
