TN:
SF:C:\Users\irfiacre\Desktop\BareFoot\mockups\Expensify\src\actions\expenses.js
FN:5,(anonymous_0)
FN:25,(anonymous_1)
FN:33,(anonymous_2)
FNF:3
FNH:3
FNDA:2,(anonymous_0)
FNDA:1,(anonymous_1)
FNDA:1,(anonymous_2)
DA:5,1
DA:12,2
DA:25,1
DA:26,1
DA:33,1
DA:34,1
LF:6
LH:6
BRDA:5,0,0,1
BRDA:6,1,0,1
BRDA:7,2,0,1
BRDA:8,3,0,1
BRDA:9,4,0,1
BRDA:25,5,0,0
BRF:6
BRH:5
end_of_record
TN:
SF:C:\Users\irfiacre\Desktop\BareFoot\mockups\Expensify\src\actions\filters.js
FN:4,(anonymous_0)
FN:12,(anonymous_1)
FN:13,(anonymous_2)
FN:16,(anonymous_3)
FN:23,(anonymous_4)
FNF:5
FNH:5
FNDA:2,(anonymous_0)
FNDA:1,(anonymous_1)
FNDA:1,(anonymous_2)
FNDA:1,(anonymous_3)
FNDA:1,(anonymous_4)
DA:4,1
DA:5,2
DA:12,1
DA:13,1
DA:16,1
DA:17,1
DA:23,1
DA:24,1
LF:8
LH:8
BRDA:4,0,0,0
BRF:1
BRH:0
end_of_record
TN:
SF:C:\Users\irfiacre\Desktop\BareFoot\mockups\Expensify\src\selectors\expenses.js
FN:5,(anonymous_0)
FN:7,(anonymous_1)
FN:16,(anonymous_2)
FNF:3
FNH:3
FNDA:1,(anonymous_0)
FNDA:3,(anonymous_1)
FNDA:1,(anonymous_2)
DA:7,1
DA:9,3
DA:10,3
DA:11,3
DA:12,3
DA:14,3
DA:18,1
DA:20,1
DA:21,0
DA:23,0
LF:10
LH:8
BRDA:10,0,0,0
BRDA:10,0,1,3
BRDA:11,1,0,0
BRDA:11,1,1,3
BRDA:14,2,0,3
BRDA:14,2,1,3
BRDA:14,2,2,3
BRDA:18,3,0,1
BRDA:18,3,1,0
BRDA:20,4,0,0
BRDA:20,4,1,1
BRDA:21,5,0,0
BRDA:21,5,1,0
BRDA:23,6,0,0
BRDA:23,6,1,0
BRF:15
BRH:7
end_of_record
